{"/home/normacarrillo/Área de Trabalho/curso_jestcode/src/arrays.js": {"path":"/home/normacarrillo/Área de Trabalho/curso_jestcode/src/arrays.js","statementMap":{"0":{"start":{"line":4,"column":4},"end":{"line":9,"column":1}},"1":{"start":{"line":15,"column":4},"end":{"line":20,"column":1}},"2":{"start":{"line":23,"column":0},"end":{"line":23,"column":59}}},"fnMap":{"0":{"name":"carsList","decl":{"start":{"line":2,"column":9},"end":{"line":2,"column":17}},"loc":{"start":{"line":2,"column":19},"end":{"line":10,"column":1}},"line":2},"1":{"name":"brandsList","decl":{"start":{"line":13,"column":9},"end":{"line":13,"column":19}},"loc":{"start":{"line":13,"column":21},"end":{"line":21,"column":1}},"line":13}},"branchMap":{},"s":{"0":3,"1":1,"2":1},"f":{"0":3,"1":1},"b":{},"_coverageSchema":"1a1c01bbd47fc00a2c39e90264f33305004495a9","hash":"a8eb9438b156debd0ce6c965211412d6817e07fa"}
,"/home/normacarrillo/Área de Trabalho/curso_jestcode/src/sum.js": {"path":"/home/normacarrillo/Área de Trabalho/curso_jestcode/src/sum.js","statementMap":{"0":{"start":{"line":3,"column":4},"end":{"line":3,"column":14}},"1":{"start":{"line":6,"column":0},"end":{"line":6,"column":20}},"2":{"start":{"line":7,"column":0},"end":{"line":7,"column":19}}},"fnMap":{"0":{"name":"soma","decl":{"start":{"line":1,"column":9},"end":{"line":1,"column":13}},"loc":{"start":{"line":1,"column":18},"end":{"line":4,"column":1}},"line":1}},"branchMap":{},"s":{"0":3,"1":1,"2":1},"f":{"0":3},"b":{},"_coverageSchema":"1a1c01bbd47fc00a2c39e90264f33305004495a9","hash":"b16470825b0398acffc6071ff68d50c6354abd35"}
}
